Build started 4/28/2013 5:08:54 PM.
     1>Project "C:\Users\Nick\Documents\ISU 2012\CPrE 185\TRON\TRON\bgi.vcxproj" on node 2 (Build target(s)).
     1>ClCompile:
         C:\Program Files (x86)\Microsoft Visual Studio 11.0\VC\bin\CL.exe /c /ZI /nologo /W3 /WX- /Od /Oy- /D _MBCS /Gm /EHsc /RTC1 /MDd /GS /fp:precise /Zc:wchar_t /Zc:forScope /Fo"Debug\\" /Fd"Debug\vc110.pdb" /Gd /TP /analyze- /errorReport:prompt bgiout.cxx dibutil.cxx drawing.cxx file.cxx misc.cxx mouse.cxx palette.cxx main.cxx text.cxx winbgi.cxx winthread.cxx
         winthread.cxx
     1>c:\users\nick\documents\isu 2012\cpre 185\tron\tron\winthread.cxx(320): warning C4101: 'i' : unreferenced local variable
         winbgi.cxx
     1>c:\users\nick\documents\isu 2012\cpre 185\tron\tron\winbgi.cxx(81): warning C4800: 'BOOL' : forcing value to bool 'true' or 'false' (performance warning)
     1>c:\users\nick\documents\isu 2012\cpre 185\tron\tron\winbgi.cxx(134): warning C4101: 'actual_color' : unreferenced local variable
     1>c:\users\nick\documents\isu 2012\cpre 185\tron\tron\winbgi.cxx(133): warning C4101: 'bgi_color' : unreferenced local variable
     1>c:\users\nick\documents\isu 2012\cpre 185\tron\tron\winbgi.cxx(494): warning C4996: 'sprintf': This function or variable may be unsafe. Consider using sprintf_s instead. To disable deprecation, use _CRT_SECURE_NO_WARNINGS. See online help for details.
                 c:\program files (x86)\microsoft visual studio 11.0\vc\include\stdio.h(357) : see declaration of 'sprintf'
         text.cxx
     1>c:\users\nick\documents\isu 2012\cpre 185\tron\tron\text.cxx(348): warning C4018: '<' : signed/unsigned mismatch
         main.cxx
     1>c:\users\nick\documents\isu 2012\cpre 185\tron\tron\graphics.h(281): warning C4273: 'getch' : inconsistent dll linkage
                 c:\program files (x86)\microsoft visual studio 11.0\vc\include\conio.h(131) : see previous definition of 'getch'
     1>c:\users\nick\documents\isu 2012\cpre 185\tron\tron\graphics.h(282): warning C4273: 'kbhit' : inconsistent dll linkage
                 c:\program files (x86)\microsoft visual studio 11.0\vc\include\conio.h(133) : see previous definition of 'kbhit'
     1>c:\users\nick\documents\isu 2012\cpre 185\tron\tron\wiiuse.h(672): warning C4390: ';' : empty controlled statement found; is this the intent?
     1>c:\users\nick\documents\isu 2012\cpre 185\tron\tron\wiiuse.h(673): warning C4390: ';' : empty controlled statement found; is this the intent?
     1>c:\users\nick\documents\isu 2012\cpre 185\tron\tron\wiiuse.h(674): warning C4390: ';' : empty controlled statement found; is this the intent?
     1>c:\users\nick\documents\isu 2012\cpre 185\tron\tron\wiiuse.h(675): warning C4390: ';' : empty controlled statement found; is this the intent?
     1>c:\users\nick\documents\isu 2012\cpre 185\tron\tron\wiiuse.h(676): warning C4390: ';' : empty controlled statement found; is this the intent?
     1>c:\users\nick\documents\isu 2012\cpre 185\tron\tron\wiiuse.h(677): warning C4390: ';' : empty controlled statement found; is this the intent?
     1>c:\users\nick\documents\isu 2012\cpre 185\tron\tron\wiiuse.h(692): warning C4390: ';' : empty controlled statement found; is this the intent?
     1>c:\users\nick\documents\isu 2012\cpre 185\tron\tron\wiiuse.h(744): warning C4390: ';' : empty controlled statement found; is this the intent?
     1>c:\users\nick\documents\isu 2012\cpre 185\tron\tron\wiiuse.h(756): warning C4390: ';' : empty controlled statement found; is this the intent?
     1>c:\users\nick\documents\isu 2012\cpre 185\tron\tron\wiiuse.h(758): warning C4390: ';' : empty controlled statement found; is this the intent?
     1>c:\users\nick\documents\isu 2012\cpre 185\tron\tron\wiiuse.h(769): warning C4390: ';' : empty controlled statement found; is this the intent?
     1>c:\users\nick\documents\isu 2012\cpre 185\tron\tron\wiiuse.h(770): warning C4390: ';' : empty controlled statement found; is this the intent?
     1>c:\users\nick\documents\isu 2012\cpre 185\tron\tron\wiiuse.h(771): warning C4390: ';' : empty controlled statement found; is this the intent?
     1>c:\users\nick\documents\isu 2012\cpre 185\tron\tron\wiiuse.h(772): warning C4390: ';' : empty controlled statement found; is this the intent?
     1>c:\users\nick\documents\isu 2012\cpre 185\tron\tron\wiiuse.h(773): warning C4390: ';' : empty controlled statement found; is this the intent?
     1>c:\users\nick\documents\isu 2012\cpre 185\tron\tron\wiiuse.h(774): warning C4390: ';' : empty controlled statement found; is this the intent?
     1>c:\users\nick\documents\isu 2012\cpre 185\tron\tron\wiiuse.h(775): warning C4390: ';' : empty controlled statement found; is this the intent?
     1>c:\users\nick\documents\isu 2012\cpre 185\tron\tron\wiiuse.h(776): warning C4390: ';' : empty controlled statement found; is this the intent?
     1>c:\users\nick\documents\isu 2012\cpre 185\tron\tron\wiiuse.h(777): warning C4390: ';' : empty controlled statement found; is this the intent?
     1>c:\users\nick\documents\isu 2012\cpre 185\tron\tron\wiiuse.h(778): warning C4390: ';' : empty controlled statement found; is this the intent?
     1>c:\users\nick\documents\isu 2012\cpre 185\tron\tron\wiiuse.h(779): warning C4390: ';' : empty controlled statement found; is this the intent?
     1>c:\users\nick\documents\isu 2012\cpre 185\tron\tron\wiiuse.h(780): warning C4390: ';' : empty controlled statement found; is this the intent?
     1>c:\users\nick\documents\isu 2012\cpre 185\tron\tron\wiiuse.h(781): warning C4390: ';' : empty controlled statement found; is this the intent?
     1>c:\users\nick\documents\isu 2012\cpre 185\tron\tron\wiiuse.h(782): warning C4390: ';' : empty controlled statement found; is this the intent?
     1>c:\users\nick\documents\isu 2012\cpre 185\tron\tron\wiiuse.h(784): warning C4390: ';' : empty controlled statement found; is this the intent?
     1>c:\users\nick\documents\isu 2012\cpre 185\tron\tron\wiiuse.h(795): warning C4390: ';' : empty controlled statement found; is this the intent?
     1>c:\users\nick\documents\isu 2012\cpre 185\tron\tron\wiiuse.h(796): warning C4390: ';' : empty controlled statement found; is this the intent?
     1>c:\users\nick\documents\isu 2012\cpre 185\tron\tron\wiiuse.h(797): warning C4390: ';' : empty controlled statement found; is this the intent?
     1>c:\users\nick\documents\isu 2012\cpre 185\tron\tron\wiiuse.h(798): warning C4390: ';' : empty controlled statement found; is this the intent?
     1>c:\users\nick\documents\isu 2012\cpre 185\tron\tron\wiiuse.h(799): warning C4390: ';' : empty controlled statement found; is this the intent?
     1>c:\users\nick\documents\isu 2012\cpre 185\tron\tron\wiiuse.h(800): warning C4390: ';' : empty controlled statement found; is this the intent?
     1>c:\users\nick\documents\isu 2012\cpre 185\tron\tron\wiiuse.h(801): warning C4390: ';' : empty controlled statement found; is this the intent?
     1>c:\users\nick\documents\isu 2012\cpre 185\tron\tron\wiiuse.h(802): warning C4390: ';' : empty controlled statement found; is this the intent?
     1>c:\users\nick\documents\isu 2012\cpre 185\tron\tron\wiiuse.h(804): warning C4390: ';' : empty controlled statement found; is this the intent?
     1>c:\users\nick\documents\isu 2012\cpre 185\tron\tron\wiiuse.h(837): warning C4390: ';' : empty controlled statement found; is this the intent?
     1>c:\users\nick\documents\isu 2012\cpre 185\tron\tron\tron.h(178): warning C4244: 'argument' : conversion from 'time_t' to 'unsigned int', possible loss of data
     1>c:\users\nick\documents\isu 2012\cpre 185\tron\tron\tron.h(226): warning C4244: 'argument' : conversion from 'time_t' to 'unsigned int', possible loss of data
     1>c:\users\nick\documents\isu 2012\cpre 185\tron\tron\tron.h(326): warning C4244: 'argument' : conversion from 'time_t' to 'unsigned int', possible loss of data
     1>c:\users\nick\documents\isu 2012\cpre 185\tron\tron\tron.h(368): warning C4244: 'argument' : conversion from 'time_t' to 'unsigned int', possible loss of data
     1>c:\users\nick\documents\isu 2012\cpre 185\tron\tron\tron.h(467): warning C4244: 'argument' : conversion from 'time_t' to 'unsigned int', possible loss of data
     1>c:\users\nick\documents\isu 2012\cpre 185\tron\tron\tron.h(511): warning C4244: 'argument' : conversion from 'time_t' to 'unsigned int', possible loss of data
     1>c:\users\nick\documents\isu 2012\cpre 185\tron\tron\tron.h(609): warning C4244: 'argument' : conversion from 'time_t' to 'unsigned int', possible loss of data
     1>c:\users\nick\documents\isu 2012\cpre 185\tron\tron\tron.h(653): warning C4244: 'argument' : conversion from 'time_t' to 'unsigned int', possible loss of data
     1>c:\users\nick\documents\isu 2012\cpre 185\tron\tron\tron.h(833): warning C4244: 'argument' : conversion from 'time_t' to 'unsigned int', possible loss of data
     1>c:\users\nick\documents\isu 2012\cpre 185\tron\tron\tron.h(881): warning C4244: 'argument' : conversion from 'time_t' to 'unsigned int', possible loss of data
     1>c:\users\nick\documents\isu 2012\cpre 185\tron\tron\tron.h(981): warning C4244: 'argument' : conversion from 'time_t' to 'unsigned int', possible loss of data
     1>c:\users\nick\documents\isu 2012\cpre 185\tron\tron\tron.h(1023): warning C4244: 'argument' : conversion from 'time_t' to 'unsigned int', possible loss of data
     1>c:\users\nick\documents\isu 2012\cpre 185\tron\tron\tron.h(1122): warning C4244: 'argument' : conversion from 'time_t' to 'unsigned int', possible loss of data
     1>c:\users\nick\documents\isu 2012\cpre 185\tron\tron\tron.h(1166): warning C4244: 'argument' : conversion from 'time_t' to 'unsigned int', possible loss of data
     1>c:\users\nick\documents\isu 2012\cpre 185\tron\tron\tron.h(1266): warning C4244: 'argument' : conversion from 'time_t' to 'unsigned int', possible loss of data
     1>c:\users\nick\documents\isu 2012\cpre 185\tron\tron\tron.h(1310): warning C4244: 'argument' : conversion from 'time_t' to 'unsigned int', possible loss of data
     1>c:\users\nick\documents\isu 2012\cpre 185\tron\tron\tron.h(1445): warning C4996: 'kbhit': The POSIX name for this item is deprecated. Instead, use the ISO C++ conformant name: _kbhit. See online help for details.
                 c:\program files (x86)\microsoft visual studio 11.0\vc\include\conio.h(133) : see declaration of 'kbhit'
     1>c:\users\nick\documents\isu 2012\cpre 185\tron\tron\tron.h(1449): warning C4996: 'getch': The POSIX name for this item is deprecated. Instead, use the ISO C++ conformant name: _getch. See online help for details.
                 c:\program files (x86)\microsoft visual studio 11.0\vc\include\conio.h(131) : see declaration of 'getch'
     1>c:\users\nick\documents\isu 2012\cpre 185\tron\tron\tron.h(1513): warning C4996: 'kbhit': The POSIX name for this item is deprecated. Instead, use the ISO C++ conformant name: _kbhit. See online help for details.
                 c:\program files (x86)\microsoft visual studio 11.0\vc\include\conio.h(133) : see declaration of 'kbhit'
     1>c:\users\nick\documents\isu 2012\cpre 185\tron\tron\tron.h(1517): warning C4996: 'getch': The POSIX name for this item is deprecated. Instead, use the ISO C++ conformant name: _getch. See online help for details.
                 c:\program files (x86)\microsoft visual studio 11.0\vc\include\conio.h(131) : see declaration of 'getch'
     1>c:\users\nick\documents\isu 2012\cpre 185\tron\tron\tron.h(1838): warning C4996: 'sprintf': This function or variable may be unsafe. Consider using sprintf_s instead. To disable deprecation, use _CRT_SECURE_NO_WARNINGS. See online help for details.
                 c:\program files (x86)\microsoft visual studio 11.0\vc\include\stdio.h(357) : see declaration of 'sprintf'
     1>c:\users\nick\documents\isu 2012\cpre 185\tron\tron\tron.h(1840): warning C4996: 'sprintf': This function or variable may be unsafe. Consider using sprintf_s instead. To disable deprecation, use _CRT_SECURE_NO_WARNINGS. See online help for details.
                 c:\program files (x86)\microsoft visual studio 11.0\vc\include\stdio.h(357) : see declaration of 'sprintf'
     1>c:\users\nick\documents\isu 2012\cpre 185\tron\tron\tron.h(1849): warning C4996: 'kbhit': The POSIX name for this item is deprecated. Instead, use the ISO C++ conformant name: _kbhit. See online help for details.
                 c:\program files (x86)\microsoft visual studio 11.0\vc\include\conio.h(133) : see declaration of 'kbhit'
         palette.cxx
         mouse.cxx
         misc.cxx
         file.cxx
         drawing.cxx
     1>c:\users\nick\documents\isu 2012\cpre 185\tron\tron\drawing.cxx(819): warning C4101: 'tries' : unreferenced local variable
     1>c:\users\nick\documents\isu 2012\cpre 185\tron\tron\drawing.cxx(859): warning C4101: 'answer' : unreferenced local variable
     1>c:\users\nick\documents\isu 2012\cpre 185\tron\tron\drawing.cxx(1110): warning C4996: 'strcat': This function or variable may be unsafe. Consider using strcat_s instead. To disable deprecation, use _CRT_SECURE_NO_WARNINGS. See online help for details.
                 c:\program files (x86)\microsoft visual studio 11.0\vc\include\string.h(115) : see declaration of 'strcat'
         dibutil.cxx
         bgiout.cxx
         Generating Code...
         C:\Program Files (x86)\Microsoft Visual Studio 11.0\VC\bin\CL.exe /c /ZI /nologo /W3 /WX- /Od /Oy- /D _MBCS /Gm /EHsc /RTC1 /MDd /GS /fp:precise /Zc:wchar_t /Zc:forScope /Fo"Debug\\" /Fd"Debug\vc110.pdb" /Gd /TC /analyze- /errorReport:prompt wii_main.c
         wii_main.c
       Link:
         C:\Program Files (x86)\Microsoft Visual Studio 11.0\VC\bin\link.exe /ERRORREPORT:PROMPT /OUT:"C:\Users\Nick\Documents\ISU 2012\CPrE 185\TRON\TRON\Debug\bgi.exe" /INCREMENTAL /NOLOGO kernel32.lib user32.lib gdi32.lib winspool.lib comdlg32.lib advapi32.lib shell32.lib ole32.lib oleaut32.lib uuid.lib odbc32.lib odbccp32.lib /MANIFEST /MANIFESTUAC:"level='asInvoker' uiAccess='false'" /manifest:embed /DEBUG /PDB:"C:\Users\Nick\Documents\ISU 2012\CPrE 185\TRON\TRON\Debug\bgi.pdb" /STACK:"8000000" /TLBID:1 /DYNAMICBASE /NXCOMPAT /IMPLIB:"C:\Users\Nick\Documents\ISU 2012\CPrE 185\TRON\TRON\Debug\bgi.lib" /MACHINE:X86 Debug\bgiout.obj
         Debug\dibutil.obj
         Debug\drawing.obj
         Debug\file.obj
         Debug\misc.obj
         Debug\mouse.obj
         Debug\palette.obj
         Debug\main.obj
         Debug\text.obj
         Debug\wii_main.obj
         Debug\winbgi.obj
         Debug\winthread.obj
         wiiuse.lib
         bgi.vcxproj -> C:\Users\Nick\Documents\ISU 2012\CPrE 185\TRON\TRON\Debug\bgi.exe
     1>Done Building Project "C:\Users\Nick\Documents\ISU 2012\CPrE 185\TRON\TRON\bgi.vcxproj" (Build target(s)).

Build succeeded.

Time Elapsed 00:00:44.39
