C:\USERS\NICK\DOCUMENTS\ISU 2012\CPRE 185\TRON\TRON\DEBUG\BGIOUT.OBJ
C:\USERS\NICK\DOCUMENTS\ISU 2012\CPRE 185\TRON\TRON\DEBUG\DIBUTIL.OBJ
C:\USERS\NICK\DOCUMENTS\ISU 2012\CPRE 185\TRON\TRON\DEBUG\DRAWING.OBJ
C:\USERS\NICK\DOCUMENTS\ISU 2012\CPRE 185\TRON\TRON\DEBUG\FILE.OBJ
C:\USERS\NICK\DOCUMENTS\ISU 2012\CPRE 185\TRON\TRON\DEBUG\MISC.OBJ
C:\USERS\NICK\DOCUMENTS\ISU 2012\CPRE 185\TRON\TRON\DEBUG\MOUSE.OBJ
C:\USERS\NICK\DOCUMENTS\ISU 2012\CPRE 185\TRON\TRON\DEBUG\PALETTE.OBJ
C:\USERS\NICK\DOCUMENTS\ISU 2012\CPRE 185\TRON\TRON\DEBUG\MAIN.OBJ
C:\USERS\NICK\DOCUMENTS\ISU 2012\CPRE 185\TRON\TRON\DEBUG\TEXT.OBJ
C:\USERS\NICK\DOCUMENTS\ISU 2012\CPRE 185\TRON\TRON\DEBUG\WINBGI.OBJ
C:\USERS\NICK\DOCUMENTS\ISU 2012\CPRE 185\TRON\TRON\DEBUG\WINTHREAD.OBJ
C:\USERS\NICK\DOCUMENTS\ISU 2012\CPRE 185\TRON\TRON\DEBUG\VC110.PDB
C:\USERS\NICK\DOCUMENTS\ISU 2012\CPRE 185\TRON\TRON\DEBUG\WII_MAIN.OBJ
C:\USERS\NICK\DOCUMENTS\ISU 2012\CPRE 185\TRON\TRON\DEBUG\BGI.ILK
C:\USERS\NICK\DOCUMENTS\ISU 2012\CPRE 185\TRON\TRON\DEBUG\BGI.EXE
C:\USERS\NICK\DOCUMENTS\ISU 2012\CPRE 185\TRON\TRON\DEBUG\BGI.PDB
C:\Users\Nick\Documents\ISU 2012\CPrE 185\TRON\TRON\Debug\bgiout.obj
C:\Users\Nick\Documents\ISU 2012\CPrE 185\TRON\TRON\Debug\dibutil.obj
C:\Users\Nick\Documents\ISU 2012\CPrE 185\TRON\TRON\Debug\drawing.obj
C:\Users\Nick\Documents\ISU 2012\CPrE 185\TRON\TRON\Debug\file.obj
C:\Users\Nick\Documents\ISU 2012\CPrE 185\TRON\TRON\Debug\main.obj
C:\Users\Nick\Documents\ISU 2012\CPrE 185\TRON\TRON\Debug\misc.obj
C:\Users\Nick\Documents\ISU 2012\CPrE 185\TRON\TRON\Debug\mouse.obj
C:\Users\Nick\Documents\ISU 2012\CPrE 185\TRON\TRON\Debug\palette.obj
C:\Users\Nick\Documents\ISU 2012\CPrE 185\TRON\TRON\Debug\text.obj
C:\Users\Nick\Documents\ISU 2012\CPrE 185\TRON\TRON\Debug\wii_main.obj
C:\Users\Nick\Documents\ISU 2012\CPrE 185\TRON\TRON\Debug\winbgi.obj
C:\Users\Nick\Documents\ISU 2012\CPrE 185\TRON\TRON\Debug\winthread.obj
C:\Users\Nick\Documents\ISU 2012\CPrE 185\TRON\TRON\Debug\bgi.ilk
C:\Users\Nick\Documents\ISU 2012\CPrE 185\TRON\TRON\Debug\cl.command.1.tlog
C:\Users\Nick\Documents\ISU 2012\CPrE 185\TRON\TRON\Debug\CL.read.1.tlog
C:\Users\Nick\Documents\ISU 2012\CPrE 185\TRON\TRON\Debug\CL.write.1.tlog
C:\Users\Nick\Documents\ISU 2012\CPrE 185\TRON\TRON\Debug\link-cvtres.read.1.tlog
C:\Users\Nick\Documents\ISU 2012\CPrE 185\TRON\TRON\Debug\link-cvtres.write.1.tlog
C:\Users\Nick\Documents\ISU 2012\CPrE 185\TRON\TRON\Debug\link-rc.read.1.tlog
C:\Users\Nick\Documents\ISU 2012\CPrE 185\TRON\TRON\Debug\link-rc.write.1.tlog
C:\Users\Nick\Documents\ISU 2012\CPrE 185\TRON\TRON\Debug\link.13996-cvtres.read.1.tlog
C:\Users\Nick\Documents\ISU 2012\CPrE 185\TRON\TRON\Debug\link.13996-cvtres.write.1.tlog
C:\Users\Nick\Documents\ISU 2012\CPrE 185\TRON\TRON\Debug\link.13996-rc.read.1.tlog
C:\Users\Nick\Documents\ISU 2012\CPrE 185\TRON\TRON\Debug\link.13996-rc.write.1.tlog
C:\Users\Nick\Documents\ISU 2012\CPrE 185\TRON\TRON\Debug\link.13996.read.1.tlog
C:\Users\Nick\Documents\ISU 2012\CPrE 185\TRON\TRON\Debug\link.13996.write.1.tlog
C:\Users\Nick\Documents\ISU 2012\CPrE 185\TRON\TRON\Debug\link.command.1.tlog
C:\Users\Nick\Documents\ISU 2012\CPrE 185\TRON\TRON\Debug\link.read.1.tlog
C:\Users\Nick\Documents\ISU 2012\CPrE 185\TRON\TRON\Debug\link.write.1.tlog
C:\Users\Nick\Documents\ISU 2012\CPrE 185\TRON\TRON\Debug\vc110.idb
C:\Users\Nick\Documents\ISU 2012\CPrE 185\TRON\TRON\Debug\bgi.pdb
C:\Users\Nick\Documents\ISU 2012\CPrE 185\TRON\TRON\Debug\vc110.pdb
C:\Users\Nick\Documents\ISU 2012\CPrE 185\TRON\TRON\Debug\bgi.exe
